<?xml version="1.0" encoding="UTF-8"?>
<testsuite hostname="INBAHRPC02933" name="Tester.LibraryTest" tests="3" failures="1" timestamp="13 Sep 2019 07:21:04 GMT" time="0.046" errors="0">
  <testcase name="test1" time="0.014" classname="Tester.LibraryTest"/>
  <testcase name="test2" time="0.001" classname="Tester.LibraryTest"/>
  <testcase name="test3" time="0.001" classname="Tester.LibraryTest">
    <failure type="java.lang.AssertionError" message="expected:&amp;lt;true&amp;gt; but was:&amp;lt;false&amp;gt;">
      <![CDATA[java.lang.AssertionError: expected:<true> but was:<false>
	at Tester.LibraryTest.test3(LibraryTest.java:23)
... Removed 29 stack frames]]>
    </failure>
  </testcase>
</testsuite>
